<?xml version="1.0" encoding="UTF-8"?>
<!-- Generated by org.testng.reporters.JUnitReportReporter -->
<testsuite hostname="DESKTOP-S7SSLM5" failures="0" tests="1" name="groupExecution.FirstTest" time="0.009" errors="0" timestamp="2023-01-30T11:46:49 IST" skipped="0">
  <testcase classname="groupExecution.FirstTest" name="secondTest" time="0.009"/>
  <system-out/>
</testsuite> <!-- groupExecution.FirstTest -->
