<?xml version="1.0" encoding="UTF-8"?>
<!-- Generated by org.testng.reporters.JUnitReportReporter -->
<testsuite hostname="DESKTOP-S7SSLM5" failures="0" tests="2" name="grid.Practice1" time="291.099" errors="0" timestamp="2023-02-02T17:57:06 IST" skipped="0">
  <testcase classname="grid.Practice1" name="demo" time="145.536"/>
  <system-out/>
  <testcase classname="grid.Practice1" name="demo" time="145.563"/>
  <system-out/>
</testsuite> <!-- grid.Practice1 -->
