<?xml version="1.0" encoding="UTF-8"?>
<!-- Generated by org.testng.reporters.JUnitReportReporter -->
<testsuite hostname="DESKTOP-S7SSLM5" failures="0" tests="3" name="dataProvider.PracticeTest" time="0.049" errors="0" timestamp="2023-01-30T17:40:07 IST" skipped="0">
  <testcase classname="dataProvider.PracticeTest" name="bookTicketTest" time="0.006"/>
  <system-out/>
  <testcase classname="dataProvider.PracticeTest" name="bookTicketTest" time="0.007"/>
  <system-out/>
  <testcase classname="dataProvider.PracticeTest" name="bookTicketTest" time="0.036"/>
  <system-out/>
</testsuite> <!-- dataProvider.PracticeTest -->
