<?xml version="1.0" encoding="UTF-8"?>
<!-- Generated by org.testng.reporters.JUnitReportReporter -->
<testsuite hostname="DESKTOP-S7SSLM5" failures="0" tests="1" name="distributedParallel.FourthTest" time="0.013" errors="0" timestamp="2023-02-06T16:41:41 IST" skipped="0">
  <testcase classname="distributedParallel.FourthTest" name="fourthTest" time="0.013"/>
  <system-out/>
</testsuite> <!-- distributedParallel.FourthTest -->
