<?xml version="1.0" encoding="UTF-8"?>
<!-- Generated by org.testng.reporters.JUnitReportReporter -->
<testsuite skipped="0" hostname="DESKTOP-S7SSLM5" name="batchExecution.FourthTest" tests="1" failures="0" timestamp="2023-02-07T16:41:29 IST" time="0.004" errors="0">
  <testcase name="fourthTest" time="0.004" classname="batchExecution.FourthTest"/>
  <system-out/>
</testsuite> <!-- batchExecution.FourthTest -->
