<?xml version="1.0" encoding="UTF-8"?>
<!-- Generated by org.testng.reporters.JUnitReportReporter -->
<testsuite hostname="DESKTOP-S7SSLM5" failures="0" tests="2" name="testng.DependsOnMethods" time="55.041" errors="0" timestamp="2023-01-30T11:05:24 IST" skipped="0">
  <testcase classname="testng.DependsOnMethods" name="loginActiTime" time="17.309"/>
  <system-out/>
  <testcase classname="testng.DependsOnMethods" name="openActiTime" time="37.732"/>
  <system-out/>
</testsuite> <!-- testng.DependsOnMethods -->
