<?xml version="1.0" encoding="UTF-8"?>
<!-- Generated by org.testng.reporters.JUnitReportReporter -->
<testsuite skipped="0" hostname="DESKTOP-S7SSLM5" name="batchExecution.FirstTest" tests="1" failures="0" timestamp="2023-02-07T16:41:29 IST" time="0.005" errors="0">
  <testcase name="firstTest" time="0.005" classname="batchExecution.FirstTest"/>
  <system-out/>
</testsuite> <!-- batchExecution.FirstTest -->
