<?xml version="1.0" encoding="UTF-8"?>
<!-- Generated by org.testng.reporters.JUnitReportReporter -->
<testsuite hostname="DESKTOP-S7SSLM5" failures="0" tests="3" name="groupExecution.ThirdTest" time="0.068" errors="0" timestamp="2023-01-30T11:46:49 IST" skipped="0">
  <testcase classname="groupExecution.ThirdTest" name="thirdTest" time="0.014"/>
  <system-out/>
  <testcase classname="groupExecution.ThirdTest" name="firstTest" time="0.047"/>
  <system-out/>
  <testcase classname="groupExecution.ThirdTest" name="secondTest" time="0.007"/>
  <system-out/>
</testsuite> <!-- groupExecution.ThirdTest -->
