<?xml version="1.0" encoding="UTF-8"?>
<!-- Generated by org.testng.reporters.JUnitReportReporter -->
<testsuite hostname="DESKTOP-S7SSLM5" failures="0" tests="2" name="grid.CrossBrowserInGrid" time="60.309" errors="0" timestamp="2023-02-02T21:42:44 IST" skipped="0">
  <testcase classname="grid.CrossBrowserInGrid" name="crossBrowserTest" time="20.146"/>
  <system-out/>
  <testcase classname="grid.CrossBrowserInGrid" name="crossBrowserTest" time="40.163"/>
  <system-out/>
</testsuite> <!-- grid.CrossBrowserInGrid -->
