<?xml version="1.0" encoding="UTF-8"?>
<!-- Generated by org.testng.reporters.JUnitReportReporter -->
<testsuite hostname="DESKTOP-S7SSLM5" failures="0" tests="4" name="testng.PriorityPractice" time="99.612" errors="0" timestamp="2023-01-30T10:25:49 IST" skipped="0">
  <testcase classname="testng.PriorityPractice" name="test1" time="0.035"/>
  <system-out>
    <![CDATA[test1]]>
  </system-out>
  <testcase classname="testng.PriorityPractice" name="test0" time="0.005"/>
  <system-out>
    <![CDATA[test0]]>
  </system-out>
  <testcase classname="testng.PriorityPractice" name="test2" time="0.005"/>
  <system-out>
    <![CDATA[test2]]>
  </system-out>
  <testcase classname="testng.PriorityPractice" name="openGoogle" time="99.567"/>
  <system-out>
    <![CDATA[openGoogle]]>
  </system-out>
</testsuite> <!-- testng.PriorityPractice -->
