<?xml version="1.0" encoding="UTF-8"?>
<!-- Generated by org.testng.reporters.JUnitReportReporter -->
<testsuite hostname="DESKTOP-S7SSLM5" failures="0" tests="1" name="distributedParallel.FirstTest" time="0.025" errors="0" timestamp="2023-02-06T16:41:41 IST" skipped="0">
  <testcase classname="distributedParallel.FirstTest" name="firstTest" time="0.025"/>
  <system-out/>
</testsuite> <!-- distributedParallel.FirstTest -->
