<?xml version="1.0" encoding="UTF-8"?>
<!-- Generated by org.testng.reporters.JUnitReportReporter -->
<testsuite hostname="DESKTOP-S7SSLM5" failures="0" tests="1" name="xmlParameterization.PracticeTest" time="0.063" errors="0" timestamp="2023-01-08T11:33:19 IST" skipped="0">
  <testcase classname="xmlParameterization.PracticeTest" name="demoTest" time="0.063"/>
  <system-out/>
</testsuite> <!-- xmlParameterization.PracticeTest -->
