<?xml version="1.0" encoding="UTF-8"?>
<!-- Generated by org.testng.reporters.JUnitReportReporter -->
<testsuite hostname="DESKTOP-S7SSLM5" failures="0" tests="10" name="testng.InvocationCount" time="67.180" errors="0" timestamp="2023-01-30T10:39:20 IST" skipped="1">
  <testcase classname="testng.InvocationCount" name="test1" time="0.004"/>
  <system-out>
    <![CDATA[test1]]>
  </system-out>
  <testcase classname="testng.InvocationCount" name="test1" time="0.007"/>
  <system-out>
    <![CDATA[test1]]>
  </system-out>
  <testcase classname="testng.InvocationCount" name="test1" time="0.032"/>
  <system-out>
    <![CDATA[test1]]>
  </system-out>
  <testcase classname="testng.InvocationCount" name="openGoogle" time="46.159"/>
  <system-out>
    <![CDATA[openGoogle]]>
  </system-out>
  <testcase classname="testng.InvocationCount" name="test4" time="0.003"/>
  <system-out>
    <![CDATA[test4]]>
  </system-out>
  <testcase classname="testng.InvocationCount" name="test0" time="0.004"/>
  <system-out>
    <![CDATA[test0]]>
  </system-out>
  <testcase classname="testng.InvocationCount" name="openGoogle" time="20.961"/>
  <system-out>
    <![CDATA[openGoogle]]>
  </system-out>
  <testcase classname="testng.InvocationCount" name="test0" time="0.007"/>
  <system-out>
    <![CDATA[test0]]>
  </system-out>
  <testcase classname="testng.InvocationCount" name="test2" time="0.003"/>
  <system-out>
    <![CDATA[test2]]>
  </system-out>
  <testcase classname="testng.InvocationCount" name="test3">
    <skipped/>
  </testcase> <!-- test3 -->
  <system-out/>
</testsuite> <!-- testng.InvocationCount -->
