<?xml version="1.0" encoding="UTF-8"?>
<!-- Generated by org.testng.reporters.JUnitReportReporter -->
<testsuite hostname="DESKTOP-S7SSLM5" failures="0" tests="1" name="distributedParallel.SixthTest" time="0.014" errors="0" timestamp="2023-02-06T16:41:41 IST" skipped="0">
  <testcase classname="distributedParallel.SixthTest" name="sixthTest" time="0.014"/>
  <system-out/>
</testsuite> <!-- distributedParallel.SixthTest -->
