<?xml version="1.0" encoding="UTF-8"?>
<!-- Generated by org.testng.reporters.JUnitReportReporter -->
<testsuite hostname="DESKTOP-S7SSLM5" failures="0" tests="1" name="groupExecution.SecondTest" time="0.004" errors="0" timestamp="2023-01-30T11:46:49 IST" skipped="0">
  <testcase classname="groupExecution.SecondTest" name="secondTest" time="0.004"/>
  <system-out/>
</testsuite> <!-- groupExecution.SecondTest -->
