<?xml version="1.0" encoding="UTF-8"?>
<!-- Generated by org.testng.reporters.JUnitReportReporter -->
<testsuite hostname="DESKTOP-S7SSLM5" failures="0" tests="1" name="testng.PracticeTest" time="109.016" errors="0" timestamp="2023-01-30T09:47:25 IST" skipped="0">
  <testcase classname="testng.PracticeTest" name="openGoogle" time="109.016"/>
  <system-out/>
</testsuite> <!-- testng.PracticeTest -->
