<?xml version="1.0" encoding="UTF-8"?>
<!-- Generated by org.testng.reporters.JUnitReportReporter -->
<testsuite hostname="DESKTOP-S7SSLM5" failures="0" tests="1" name="distributedParallel.ThirdTest" time="0.024" errors="0" timestamp="2023-02-06T16:41:41 IST" skipped="0">
  <testcase classname="distributedParallel.ThirdTest" name="thirdTest" time="0.024"/>
  <system-out/>
</testsuite> <!-- distributedParallel.ThirdTest -->
